2021-Nov-22 23:53:26 Required PHP Modules (check_php_modules): Ok
All required modules are installed.
2021-Nov-22 23:53:26 PHP Required Parameters (check_php_settings): Ok
Settings are correct
2021-Nov-22 23:53:26 Web server modules (check_security): Ok
No conflicts.
2021-Nov-22 23:53:26 Server Variables (check_server_vars): Ok
Correct
2021-Nov-22 23:53:26 Session retention (check_session): Ok
50% done
2021-Nov-22 23:53:26 Session retention (check_session): Ok
Success
2021-Nov-22 23:53:26 UTF configuration parameters (mbstring and BX_UTF) (check_mbstring): Ok
Correct. The website runs in UTF encoding
2021-Nov-22 23:53:26 Service scripts in the site root (check_install_scripts): Ok
None
2021-Nov-22 23:53:27 Using sockets (check_socket): Fail
Connection to ssl://www.683101-advds.tmweb.ru:443	Fail
Socket error [0]: 

Error! The test has failed to complete.
2021-Nov-22 23:53:27 Use cron to run agents (check_bx_crontab): Fail
Error! cron_events.php is not configured to run on cron; the most recent agent has been executed more than 24 hours ago.
2021-Nov-22 23:53:27 Database connection parameters (check_dbconn_settings): Ok
Success
2021-Nov-22 23:53:27 Redundant output in configuration files (check_dbconn): Warning
Warning. Verification failed due to socket error.
2021-Nov-22 23:53:27 Session retention without UserAgent (check_session_ua): Warning
Warning. Verification failed due to socket error.
2021-Nov-22 23:53:27 Website Parameters (check_sites): Ok
Correct
2021-Nov-22 23:53:27 Passing objects by reference (check_clone): Ok
Success
2021-Nov-22 23:53:27 Stack size; pcre.recursion_limit (check_pcre_recursion): Warning
Warning. Verification failed due to socket error.
2021-Nov-22 23:53:27 File upload (check_upload): Warning
Warning. Verification failed due to socket error.
2021-Nov-22 23:53:27 Upload files over 4MB (check_upload_big): Warning
Warning. Verification failed due to socket error.
2021-Nov-22 23:53:28 Upload file using php://input (check_upload_raw): Warning
Warning. Verification failed due to socket error.
2021-Nov-22 23:53:28 POST requests with many parameters (check_post): Warning
Warning. Verification failed due to socket error.
2021-Nov-22 23:53:28 E-mail sending (check_mail): Fail
Error! The test has failed to complete.
2021-Nov-22 23:53:28 Large e-mail sending (over 64 KB) (check_mail_big): Fail
Error! The test has failed to complete.
2021-Nov-22 23:53:28 Check for unsent messages (check_mail_b_event): Ok
Success
2021-Nov-22 23:53:28 Local redirects (LocalRedirect function) (check_localredirect): Warning
Warning. Verification failed due to socket error.
2021-Nov-22 23:53:28 Memory limit (check_memory_limit): Warning
Warning. Verification failed due to socket error.
2021-Nov-22 23:53:28 Using cache files (check_cache): Ok
Success
2021-Nov-22 23:53:29 Access to update server (check_update): Ok
Success
2021-Nov-22 23:53:29 HTTP authorization (check_http_auth): Warning
Warning. Verification failed due to socket error.
2021-Nov-22 23:53:29 File creation and execution (check_exec): Warning
Warning. Verification failed due to socket error.
2021-Nov-22 23:53:29 getimagesize support for SWF (check_getimagesize): Ok
Success
2021-Nov-22 23:53:29 MySQL version (check_mysql_bug_version): Ok
Success
2021-Nov-22 23:53:30 Database and web server times (check_mysql_time): Ok
Success
2021-Nov-22 23:53:30 MySQL Mode (check_mysql_mode): Ok
Success
2021-Nov-22 23:53:30 Connection charset (check_mysql_connection_charset): Ok
character_set_connection=utf8, collation_connection=utf8_unicode_ci, character_set_results=utf8
Success
2021-Nov-22 23:53:30 Database charset (check_mysql_db_charset): Ok
CHARSET=utf8, COLLATION=utf8_unicode_ci
Success
2021-Nov-22 23:53:30 Database table charset (check_mysql_table_charset): Ok
Success
2021-Nov-22 23:53:31 Database structure (check_mysql_table_structure): Ok
0% done
2021-Nov-22 23:53:31 Database structure (check_mysql_table_structure): Ok
2% done
2021-Nov-22 23:53:31 Database structure (check_mysql_table_structure): Ok
4% done
2021-Nov-22 23:53:31 Database structure (check_mysql_table_structure): Ok
6% done
2021-Nov-22 23:53:31 Database structure (check_mysql_table_structure): Ok
8% done
2021-Nov-22 23:53:32 Database structure (check_mysql_table_structure): Ok
10% done
2021-Nov-22 23:53:32 Database structure (check_mysql_table_structure): Ok
12% done
2021-Nov-22 23:53:33 Database structure (check_mysql_table_structure): Ok
14% done
2021-Nov-22 23:53:33 Database structure (check_mysql_table_structure): Ok
16% done
2021-Nov-22 23:53:33 Database structure (check_mysql_table_structure): Ok
18% done
2021-Nov-22 23:53:33 Database structure (check_mysql_table_structure): Ok
20% done
2021-Nov-22 23:53:33 Database structure (check_mysql_table_structure): Ok
22% done
2021-Nov-22 23:53:34 Database structure (check_mysql_table_structure): Ok
24% done
2021-Nov-22 23:53:34 Database structure (check_mysql_table_structure): Ok
26% done
2021-Nov-22 23:53:34 Database structure (check_mysql_table_structure): Ok
28% done
2021-Nov-22 23:53:34 Database structure (check_mysql_table_structure): Ok
30% done
2021-Nov-22 23:53:34 Database structure (check_mysql_table_structure): Ok
32% done
2021-Nov-22 23:53:35 Database structure (check_mysql_table_structure): Ok
34% done
2021-Nov-22 23:53:35 Database structure (check_mysql_table_structure): Ok
36% done
2021-Nov-22 23:53:35 Database structure (check_mysql_table_structure): Ok
38% done
2021-Nov-22 23:53:35 Database structure (check_mysql_table_structure): Ok
40% done
2021-Nov-22 23:53:36 Database structure (check_mysql_table_structure): Ok
42% done
2021-Nov-22 23:53:36 Database structure (check_mysql_table_structure): Ok
44% done
2021-Nov-22 23:53:36 Database structure (check_mysql_table_structure): Ok
46% done
2021-Nov-22 23:53:37 Database structure (check_mysql_table_structure): Ok
48% done
2021-Nov-22 23:53:37 Database structure (check_mysql_table_structure): Ok
51% done
2021-Nov-22 23:53:37 Database structure (check_mysql_table_structure): Ok
53% done
2021-Nov-22 23:53:39 Database structure (check_mysql_table_structure): Ok
55% done
2021-Nov-22 23:53:39 Database structure (check_mysql_table_structure): Ok
57% done
2021-Nov-22 23:53:39 Database structure (check_mysql_table_structure): Ok
59% done
2021-Nov-22 23:53:39 Database structure (check_mysql_table_structure): Ok
61% done
2021-Nov-22 23:53:40 Database structure (check_mysql_table_structure): Ok
63% done
2021-Nov-22 23:53:40 Database structure (check_mysql_table_structure): Ok
65% done
2021-Nov-22 23:53:40 Database structure (check_mysql_table_structure): Ok
67% done
2021-Nov-22 23:53:40 Database structure (check_mysql_table_structure): Ok
69% done
2021-Nov-22 23:53:41 Database structure (check_mysql_table_structure): Ok
71% done
2021-Nov-22 23:53:41 Database structure (check_mysql_table_structure): Ok
73% done
2021-Nov-22 23:53:41 Database structure (check_mysql_table_structure): Ok
75% done
2021-Nov-22 23:53:41 Database structure (check_mysql_table_structure): Ok
77% done
2021-Nov-22 23:53:41 Database structure (check_mysql_table_structure): Ok
79% done
2021-Nov-22 23:53:42 Database structure (check_mysql_table_structure): Ok
81% done
2021-Nov-22 23:53:42 Database structure (check_mysql_table_structure): Ok
83% done
2021-Nov-22 23:53:42 Database structure (check_mysql_table_structure): Ok
85% done
2021-Nov-22 23:53:42 Database structure (check_mysql_table_structure): Ok
87% done
2021-Nov-22 23:53:44 Database structure (check_mysql_table_structure): Ok
89% done
2021-Nov-22 23:53:44 Database structure (check_mysql_table_structure): Ok
91% done
2021-Nov-22 23:53:44 Database structure (check_mysql_table_structure): Ok
93% done
2021-Nov-22 23:53:44 Database structure (check_mysql_table_structure): Ok
95% done
2021-Nov-22 23:53:44 Database structure (check_mysql_table_structure): Ok
97% done
2021-Nov-22 23:53:45 Database structure (check_mysql_table_structure): Ok
Success
